#
# There is insufficient memory for the Java Runtime Environment to continue.
# Native memory allocation (malloc) failed to allocate 1048576 bytes for AllocateHeap
# Possible reasons:
#   The system is out of physical RAM or swap space
#   In 32 bit mode, the process size limit was hit
# Possible solutions:
#   Reduce memory load on the system
#   Increase physical memory or swap space
#   Check if swap backing store is full
#   Use 64 bit Java on a 64 bit OS
#   Decrease Java heap size (-Xmx/-Xms)
#   Decrease number of Java threads
#   Decrease Java thread stack sizes (-Xss)
#   Set larger code cache with -XX:ReservedCodeCacheSize=
# This output file may be truncated or incomplete.
#
#  Out of Memory Error (memory/allocation.inline.hpp:61), pid=11824, tid=0x0000000000002950
#
# JRE version:  (8.0_111-b14) (build )
# Java VM: Java HotSpot(TM) 64-Bit Server VM (25.111-b14 mixed mode windows-amd64 compressed oops)
# Failed to write core dump. Minidumps are not enabled by default on client versions of Windows
#

---------------  T H R E A D  ---------------

Current thread (0x0000000002dee800):  JavaThread "Unknown thread" [_thread_in_vm, id=10576, stack(0x0000000002ca0000,0x0000000002da0000)]

Stack: [0x0000000002ca0000,0x0000000002da0000]
[error occurred during error reporting (printing stack bounds), id 0xc0000005]

Native frames: (J=compiled Java code, j=interpreted, Vv=VM code, C=native code)


---------------  P R O C E S S  ---------------

Java Threads: ( => current thread )

Other Threads:

=>0x0000000002dee800 (exited) JavaThread "Unknown thread" [_thread_in_vm, id=10576, stack(0x0000000002ca0000,0x0000000002da0000)]

VM state:not at safepoint (normal execution)

VM Mutex/Monitor currently owned by a thread: None

Heap:
 PSYoungGen      total 56832K, used 983K [0x0000000780e00000, 0x0000000784d00000, 0x00000007c0000000)
  eden space 49152K, 2% used [0x0000000780e00000,0x0000000780ef5c38,0x0000000783e00000)
  from space 7680K, 0% used [0x0000000784580000,0x0000000784580000,0x0000000784d00000)
  to   space 7680K, 0% used [0x0000000783e00000,0x0000000783e00000,0x0000000784580000)
 ParOldGen       total 130048K, used 0K [0x0000000702a00000, 0x000000070a900000, 0x0000000780e00000)
  object space 130048K, 0% used [0x0000000702a00000,0x0000000702a00000,0x000000070a900000)
 Metaspace       used 770K, capacity 4480K, committed 4480K, reserved 1056768K
  class space    used 75K, capacity 384K, committed 384K, reserved 1048576K

Card table byte_map: [0x0000000012330000,0x0000000012920000] byte_map_base: 0x000000000eb1b000

Marking Bits: (ParMarkBitMap*) 0x000000006b4ea6c0
 Begin Bits: [0x0000000013120000, 0x0000000016078000)
 End Bits:   [0x0000000016078000, 0x0000000018fd0000)

Polling page: 0x0000000001420000

CodeCache: size=245760Kb used=328Kb max_used=328Kb free=245431Kb
 bounds [0x0000000002f70000, 0x00000000031e0000, 0x0000000011f70000]
 total_blobs=58 nmethods=0 adapters=38
 compilation: enabled

Compilation events (0 events):
No events

GC Heap History (0 events):
No events

Deoptimization events (0 events):
No events

Internal exceptions (0 events):
No events

Events (10 events):
Event: 0.039 loading class java/lang/Short
Event: 0.039 loading class java/lang/Short done
Event: 0.039 loading class java/lang/Integer
Event: 0.039 loading class java/lang/Integer done
Event: 0.039 loading class java/lang/Long
Event: 0.039 loading class java/lang/Long done
Event: 0.040 loading class java/lang/NullPointerException
Event: 0.040 loading class java/lang/NullPointerException done
Event: 0.040 loading class java/lang/ArithmeticException
Event: 0.040 loading class java/lang/ArithmeticException done


Dynamic libraries:
0x00007ff71cc80000 - 0x00007ff71ccb7000 	C:\Program Files\Java\jdk1.8.0_111\bin\java.exe
0x00007ffee8230000 - 0x00007ffee8425000 	C:\WINDOWS\SYSTEM32\ntdll.dll
0x00007ffee77f0000 - 0x00007ffee78ad000 	C:\WINDOWS\System32\KERNEL32.DLL
0x00007ffee5b00000 - 0x00007ffee5dc8000 	C:\WINDOWS\System32\KERNELBASE.dll
0x00007ffee6450000 - 0x00007ffee64fc000 	C:\WINDOWS\System32\ADVAPI32.dll
0x00007ffee7f80000 - 0x00007ffee801e000 	C:\WINDOWS\System32\msvcrt.dll
0x00007ffee6350000 - 0x00007ffee63eb000 	C:\WINDOWS\System32\sechost.dll
0x00007ffee6500000 - 0x00007ffee662b000 	C:\WINDOWS\System32\RPCRT4.dll
0x00007ffee6650000 - 0x00007ffee67f0000 	C:\WINDOWS\System32\USER32.dll
0x00007ffee61c0000 - 0x00007ffee61e2000 	C:\WINDOWS\System32\win32u.dll
0x00007ffee81c0000 - 0x00007ffee81ea000 	C:\WINDOWS\System32\GDI32.dll
0x00007ffee6020000 - 0x00007ffee612b000 	C:\WINDOWS\System32\gdi32full.dll
0x00007ffee5f80000 - 0x00007ffee601d000 	C:\WINDOWS\System32\msvcp_win.dll
0x00007ffee5e80000 - 0x00007ffee5f80000 	C:\WINDOWS\System32\ucrtbase.dll
0x00007ffed3520000 - 0x00007ffed37ba000 	C:\WINDOWS\WinSxS\amd64_microsoft.windows.common-controls_6595b64144ccf1df_6.0.19041.1052_none_60b8f8fd71f5e8cb\COMCTL32.dll
0x00007ffee69e0000 - 0x00007ffee6a10000 	C:\WINDOWS\System32\IMM32.DLL
0x000000006b570000 - 0x000000006b642000 	C:\Program Files\Java\jdk1.8.0_111\jre\bin\msvcr100.dll
0x000000006acd0000 - 0x000000006b56a000 	C:\Program Files\Java\jdk1.8.0_111\jre\bin\server\jvm.dll
0x00007ffee67f0000 - 0x00007ffee67f8000 	C:\WINDOWS\System32\PSAPI.DLL
0x00007ffed1c30000 - 0x00007ffed1c3a000 	C:\WINDOWS\SYSTEM32\VERSION.dll
0x00007ffed4bd0000 - 0x00007ffed4bf7000 	C:\WINDOWS\SYSTEM32\WINMM.dll
0x00007ffecf8b0000 - 0x00007ffecf8b9000 	C:\WINDOWS\SYSTEM32\WSOCK32.dll
0x00007ffee80f0000 - 0x00007ffee815b000 	C:\WINDOWS\System32\WS2_32.dll
0x000000006acc0000 - 0x000000006accf000 	C:\Program Files\Java\jdk1.8.0_111\jre\bin\verify.dll
0x000000006ac90000 - 0x000000006acb9000 	C:\Program Files\Java\jdk1.8.0_111\jre\bin\java.dll
0x000000006ac70000 - 0x000000006ac86000 	C:\Program Files\Java\jdk1.8.0_111\jre\bin\zip.dll

VM Arguments:
jvm_args: -Dfile.encoding=UTF-8 
java_command: demolist
java_class_path (initial): C:\Program Files\NetBeans 8.2\ide\modules\ext\mysql-connector-java-5.1.23-bin.jar;C:\c6 java project\jcalendar-1.4.jar\jcalendar-1.4.jar;C:\c6 java project\rs2xml\rs2xml\rs2xml.jar;C:\ProgramData\chocolatey\lib\clever-tools\tools\clever-tools-2.8.0_win;C:\Program Files\NetBeans 8.2\java\modules\ext\AbsoluteLayout.jar;C:\Program Files\NetBeans 8.2\java\modules\ext\beansbinding-1.2.1.jar;C:\c6 java project\Library Management System\build\classes
Launcher Type: SUN_STANDARD

Environment Variables:
JAVA_HOME=C:\Program Files\Java\jdk1.8.0_111
PATH=C:\Program Files\Common Files\Oracle\Java\javapath;E:\Program Files (x86)\VMware\VMware Player\bin\;C:\Program Files (x86)\Common Files\Oracle\Java\javapath;C:\ProgramData\Oracle\Java\javapath;C:\Program Files (x86)\NVIDIA Corporation\PhysX\Common;C:\app\Ananthu\product\11.2.0\dbhome_1\bin;D:\app\Ananthu\product\11.2.0\dbhome_1\bin;C:\WINDOWS\system32;C:\WINDOWS;C:\WINDOWS\System32\Wbem;C:\WINDOWS\System32\WindowsPowerShell\v1.0\;C:\WINDOWS\System32\OpenSSH\;C:\Program Files\nodejs\;C:\Program Files\dotnet\;C:\Users\Ananthu\AppData\Local\Microsoft\WindowsApps;D:\Users\Ananthu\AppData\Local\Programs\Microsoft VS Code\bin;C:\Users\Ananthu\AppData\Roaming\npm;C:\Users\Ananthu\.dotnet\tools;C:\adb;C:\Program Files (x86)\dotnet\;C:\tools\gradle-7.0\bin;C:\Users\Ananthu\Downloads\librarymanagementsystem-c8c7b-firebase-adminsdk-v4ua6-a6c2015367.json;C:\Users\Ananthu\AppData\Local\Programs\Python\Python37-32;C:\ProgramData\chocolatey\bin;C:\Program Files\Java\jre1.8.0_271\lib\ext;C:\xampp\mysql;C:\Users\Ananthu\Maven\bin;C:\Program Files\Git\cmd;C:\Program Files\Android\Android Studio\jre\jre;C:\Program Files\Java\jdk1.8.0_111\bin;C:\Users\Ananthu\AppData\Local\Programs\Python\Python39\Scripts\;C:\Users\Ananthu\AppData\Local\Programs\Python\Python39\;C:\Program Files\MySQL\MySQL Shell 8.0\bin\;C:\Users\Ananthu\AppData\Local\Microsoft\WindowsApps;C:\Users\Ananthu\AppData\Roaming\npm;C:\Users\Ananthu\.dotnet\tools;E:\xampp3\php;C:\Users\Ananthu\AppData\Local\Programs\Microsoft VS Code\bin;C:\tools\gradle-7.0\bin;C:\Users\Ananthu\AppData\Local\Google\Cloud SDK\google-cloud-sdk\bin;C:\Program Files\JetBrains\IntelliJ IDEA Community Edition 2021.1.1\bin;;
USERNAME=Ananthu
OS=Windows_NT
PROCESSOR_IDENTIFIER=Intel64 Family 6 Model 78 Stepping 3, GenuineIntel



---------------  S Y S T E M  ---------------

OS: Windows 10.0 , 64 bit Build 19041 (10.0.19041.1023)

CPU:total 4 (2 cores per cpu, 2 threads per core) family 6 model 78 stepping 3, cmov, cx8, fxsr, mmx, sse, sse2, sse3, ssse3, sse4.1, sse4.2, popcnt, avx, avx2, aes, clmul, erms, 3dnowpref, lzcnt, ht, tsc, tscinvbit, bmi1, bmi2, adx

Memory: 4k page, physical 12410480k(4592668k free), swap 13829744k(5632k free)

vm_info: Java HotSpot(TM) 64-Bit Server VM (25.111-b14) for windows-amd64 JRE (1.8.0_111-b14), built on Sep 22 2016 19:24:05 by "java_re" with MS VC++ 10.0 (VS2010)

time: Wed Jun 30 22:33:49 2021
elapsed time: 0 seconds (0d 0h 0m 0s)

